########### MACRO #############
load "Knee.any"
operation Main.MyStudy.NotAOperation
run

######### OUTPUT LOG ##########

AnyBody Console Application
Edition Name : Beta (Internal version)
AnyBodyCon.exe version : 7. 3. 0. 7397 (64-bit version) 
Build : 18270.41580 (beta)
Copyright (c) 1999 - 2020 AnyBody Technology A/S

Current path: C:\Users\mel\Documents\AnyBodySource\AnyPyTools\docs\Tutorial

#### Macro command > load "Knee.any"
Loading  Main  :  "C:\Users\mel\Documents\AnyBodySource\AnyPyTools\docs\Tutorial\Knee.any"
Scanning...
Parsing...
Constructing model tree...
Linking identifiers...
Evaluating constants...
Configuring model...
Evaluating model...
Loaded successfully.
Elapsed Time : 0.093000

#### Macro command > operation Main.MyStudy.NotAOperation
Error : Main.MyStudy.NotAOperation : Unresolved object.

Closing model...
Saving modified values...
Deleting loaded model...
...Model deleted.
